Release 14.7 - xst P.20131013 (nt64)
Copyright (c) 1995-2013 Xilinx, Inc.  All rights reserved.
--> Parameter TMPDIR set to xst/projnav.tmp


Total REAL time to Xst completion: 0.00 secs
Total CPU time to Xst completion: 0.17 secs
 
--> Parameter xsthdpdir set to xst


Total REAL time to Xst completion: 0.00 secs
Total CPU time to Xst completion: 0.18 secs
 
--> Reading design: ppl.prj

TABLE OF CONTENTS
  1) Synthesis Options Summary
  2) HDL Parsing
  3) HDL Elaboration
  4) HDL Synthesis
       4.1) HDL Synthesis Report
  5) Advanced HDL Synthesis
       5.1) Advanced HDL Synthesis Report
  6) Low Level Synthesis
  7) Partition Report
  8) Design Summary
       8.1) Primitive and Black Box Usage
       8.2) Device utilization summary
       8.3) Partition Resource Summary
       8.4) Timing Report
            8.4.1) Clock Information
            8.4.2) Asynchronous Control Signals Information
            8.4.3) Timing Summary
            8.4.4) Timing Details
            8.4.5) Cross Clock Domains Report


=========================================================================
*                      Synthesis Options Summary                        *
=========================================================================
---- Source Parameters
Input File Name                    : "ppl.prj"
Ignore Synthesis Constraint File   : NO

---- Target Parameters
Output File Name                   : "ppl"
Output Format                      : NGC
Target Device                      : xc7a100t-3-csg324

---- Source Options
Top Module Name                    : ppl
Automatic FSM Extraction           : YES
FSM Encoding Algorithm             : Auto
Safe Implementation                : No
FSM Style                          : LUT
RAM Extraction                     : Yes
RAM Style                          : Auto
ROM Extraction                     : Yes
Shift Register Extraction          : YES
ROM Style                          : Auto
Resource Sharing                   : YES
Asynchronous To Synchronous        : NO
Shift Register Minimum Size        : 2
Use DSP Block                      : Auto
Automatic Register Balancing       : No

---- Target Options
LUT Combining                      : Auto
Reduce Control Sets                : Auto
Add IO Buffers                     : YES
Global Maximum Fanout              : 100000
Add Generic Clock Buffer(BUFG)     : 32
Register Duplication               : YES
Optimize Instantiated Primitives   : NO
Use Clock Enable                   : Auto
Use Synchronous Set                : Auto
Use Synchronous Reset              : Auto
Pack IO Registers into IOBs        : Auto
Equivalent register Removal        : YES

---- General Options
Optimization Goal                  : Speed
Optimization Effort                : 1
Power Reduction                    : NO
Keep Hierarchy                     : No
Netlist Hierarchy                  : As_Optimized
RTL Output                         : Yes
Global Optimization                : AllClockNets
Read Cores                         : YES
Write Timing Constraints           : NO
Cross Clock Analysis               : NO
Hierarchy Separator                : /
Bus Delimiter                      : <>
Case Specifier                     : Maintain
Slice Utilization Ratio            : 100
BRAM Utilization Ratio             : 100
DSP48 Utilization Ratio            : 100
Auto BRAM Packing                  : NO
Slice Utilization Ratio Delta      : 5

=========================================================================


=========================================================================
*                          HDL Parsing                                  *
=========================================================================
Parsing VHDL file "C:\Users\USER\Desktop\school_3\ppball\ppl.vhd" into library work
Parsing entity <ppl>.
Parsing architecture <Behavioral> of entity <ppl>.

=========================================================================
*                            HDL Elaboration                            *
=========================================================================

Elaborating entity <ppl> (architecture <Behavioral>) from library <work>.
INFO:HDLCompiler:679 - "C:\Users\USER\Desktop\school_3\ppball\ppl.vhd" Line 332. Case statement is complete. others clause is never selected
WARNING:HDLCompiler:92 - "C:\Users\USER\Desktop\school_3\ppball\ppl.vhd" Line 341: rst should be on the sensitivity list of the process
WARNING:HDLCompiler:1127 - "C:\Users\USER\Desktop\school_3\ppball\ppl.vhd" Line 339: Assignment to cnt_1hz ignored, since the identifier is never used

=========================================================================
*                           HDL Synthesis                               *
=========================================================================

Synthesizing Unit <ppl>.
    Related source file is "C:\Users\USER\Desktop\school_3\ppball\ppl.vhd".
    Found 1-bit register for signal <state_1>.
    Found 4-bit register for signal <left_score>.
    Found 4-bit register for signal <right_score>.
    Found 8-bit register for signal <led_eight>.
    Found 8-bit register for signal <REG>.
    Found 27-bit register for signal <counter>.
    Found 1-bit register for signal <left_win>.
    Found 1-bit register for signal <point_lose_right>.
    Found 1-bit register for signal <point_lose_right_1>.
    Found 1-bit register for signal <point_lose_left>.
    Found 1-bit register for signal <point_lose_left_1>.
    Found 1-bit register for signal <right_win>.
    Found 1-bit register for signal <led_1>.
    Found 1-bit register for signal <led_2>.
    Found 1-bit register for signal <led_3>.
    Found 1-bit register for signal <led_4>.
    Found 1-bit register for signal <led_5>.
    Found 1-bit register for signal <led_6>.
    Found 1-bit register for signal <led_7>.
    Found 1-bit register for signal <led_8>.
    Found 4-bit adder for signal <left_score[3]_GND_6_o_add_3_OUT> created at line 105.
    Found 4-bit adder for signal <right_score[3]_GND_6_o_add_4_OUT> created at line 107.
    Found 27-bit adder for signal <counter[26]_GND_6_o_add_51_OUT> created at line 345.
    Summary:
	inferred   3 Adder/Subtractor(s).
	inferred  66 D-type flip-flop(s).
	inferred   6 Multiplexer(s).
Unit <ppl> synthesized.

=========================================================================
HDL Synthesis Report

Macro Statistics
# Adders/Subtractors                                   : 3
 27-bit adder                                          : 1
 4-bit adder                                           : 2
# Registers                                            : 20
 1-bit register                                        : 15
 27-bit register                                       : 1
 4-bit register                                        : 2
 8-bit register                                        : 2
# Multiplexers                                         : 6
 27-bit 2-to-1 multiplexer                             : 1
 4-bit 2-to-1 multiplexer                              : 2
 8-bit 2-to-1 multiplexer                              : 3

=========================================================================

=========================================================================
*                       Advanced HDL Synthesis                          *
=========================================================================


Synthesizing (advanced) Unit <ppl>.
The following registers are absorbed into counter <left_score>: 1 register on signal <left_score>.
The following registers are absorbed into counter <right_score>: 1 register on signal <right_score>.
The following registers are absorbed into counter <counter>: 1 register on signal <counter>.
Unit <ppl> synthesized (advanced).

=========================================================================
Advanced HDL Synthesis Report

Macro Statistics
# Counters                                             : 3
 27-bit up counter                                     : 1
 4-bit up counter                                      : 2
# Registers                                            : 31
 Flip-Flops                                            : 31
# Multiplexers                                         : 3
 8-bit 2-to-1 multiplexer                              : 3

=========================================================================

=========================================================================
*                         Low Level Synthesis                           *
=========================================================================

Optimizing unit <ppl> ...
WARNING:Xst:1293 - FF/Latch <counter_26> has a constant value of 0 in block <ppl>. This FF/Latch will be trimmed during the optimization process.
WARNING:Xst:1896 - Due to other FF/Latch trimming, FF/Latch <counter_25> has a constant value of 0 in block <ppl>. This FF/Latch will be trimmed during the optimization process.
WARNING:Xst:1896 - Due to other FF/Latch trimming, FF/Latch <counter_24> has a constant value of 0 in block <ppl>. This FF/Latch will be trimmed during the optimization process.
WARNING:Xst:1896 - Due to other FF/Latch trimming, FF/Latch <counter_23> has a constant value of 0 in block <ppl>. This FF/Latch will be trimmed during the optimization process.
WARNING:Xst:1896 - Due to other FF/Latch trimming, FF/Latch <counter_22> has a constant value of 0 in block <ppl>. This FF/Latch will be trimmed during the optimization process.
WARNING:Xst:1896 - Due to other FF/Latch trimming, FF/Latch <counter_21> has a constant value of 0 in block <ppl>. This FF/Latch will be trimmed during the optimization process.
WARNING:Xst:1896 - Due to other FF/Latch trimming, FF/Latch <counter_20> has a constant value of 0 in block <ppl>. This FF/Latch will be trimmed during the optimization process.
WARNING:Xst:1896 - Due to other FF/Latch trimming, FF/Latch <counter_19> has a constant value of 0 in block <ppl>. This FF/Latch will be trimmed during the optimization process.
WARNING:Xst:1896 - Due to other FF/Latch trimming, FF/Latch <counter_18> has a constant value of 0 in block <ppl>. This FF/Latch will be trimmed during the optimization process.
WARNING:Xst:1896 - Due to other FF/Latch trimming, FF/Latch <counter_17> has a constant value of 0 in block <ppl>. This FF/Latch will be trimmed during the optimization process.
WARNING:Xst:1896 - Due to other FF/Latch trimming, FF/Latch <counter_16> has a constant value of 0 in block <ppl>. This FF/Latch will be trimmed during the optimization process.
WARNING:Xst:1896 - Due to other FF/Latch trimming, FF/Latch <counter_15> has a constant value of 0 in block <ppl>. This FF/Latch will be trimmed during the optimization process.
WARNING:Xst:1896 - Due to other FF/Latch trimming, FF/Latch <counter_14> has a constant value of 0 in block <ppl>. This FF/Latch will be trimmed during the optimization process.
WARNING:Xst:1896 - Due to other FF/Latch trimming, FF/Latch <counter_13> has a constant value of 0 in block <ppl>. This FF/Latch will be trimmed during the optimization process.
WARNING:Xst:1896 - Due to other FF/Latch trimming, FF/Latch <counter_12> has a constant value of 0 in block <ppl>. This FF/Latch will be trimmed during the optimization process.
WARNING:Xst:1896 - Due to other FF/Latch trimming, FF/Latch <counter_11> has a constant value of 0 in block <ppl>. This FF/Latch will be trimmed during the optimization process.
WARNING:Xst:1896 - Due to other FF/Latch trimming, FF/Latch <counter_10> has a constant value of 0 in block <ppl>. This FF/Latch will be trimmed during the optimization process.

Mapping all equations...
Building and optimizing final netlist ...
Found area constraint ratio of 100 (+ 5) on block ppl, actual ratio is 0.

Final Macro Processing ...

=========================================================================
Final Register Report

Macro Statistics
# Registers                                            : 49
 Flip-Flops                                            : 49

=========================================================================

=========================================================================
*                           Partition Report                            *
=========================================================================

Partition Implementation Status
-------------------------------

  No Partitions were found in this design.

-------------------------------

=========================================================================
*                            Design Summary                             *
=========================================================================

Top Level Output File Name         : ppl.ngc

Primitive and Black Box Usage:
------------------------------
# BELS                             : 103
#      GND                         : 1
#      INV                         : 1
#      LUT1                        : 9
#      LUT2                        : 11
#      LUT3                        : 17
#      LUT4                        : 6
#      LUT5                        : 16
#      LUT6                        : 22
#      MUXCY                       : 9
#      VCC                         : 1
#      XORCY                       : 10
# FlipFlops/Latches                : 49
#      FDC                         : 23
#      FDCE                        : 15
#      FDP                         : 2
#      FDPE                        : 1
#      FDS                         : 8
# Clock Buffers                    : 1
#      BUFGP                       : 1
# IO Buffers                       : 11
#      IBUF                        : 3
#      OBUF                        : 8

Device utilization summary:
---------------------------

Selected Device : 7a100tcsg324-3 


Slice Logic Utilization: 
 Number of Slice Registers:              49  out of  126800     0%  
 Number of Slice LUTs:                   82  out of  63400     0%  
    Number used as Logic:                82  out of  63400     0%  

Slice Logic Distribution: 
 Number of LUT Flip Flop pairs used:     82
   Number with an unused Flip Flop:      33  out of     82    40%  
   Number with an unused LUT:             0  out of     82     0%  
   Number of fully used LUT-FF pairs:    49  out of     82    59%  
   Number of unique control sets:         5

IO Utilization: 
 Number of IOs:                          12
 Number of bonded IOBs:                  12  out of    210     5%  

Specific Feature Utilization:
 Number of BUFG/BUFGCTRLs:                1  out of     32     3%  

---------------------------
Partition Resource Summary:
---------------------------

  No Partitions were found in this design.

---------------------------


=========================================================================
Timing Report

NOTE: THESE TIMING NUMBERS ARE ONLY A SYNTHESIS ESTIMATE.
      FOR ACCURATE TIMING INFORMATION PLEASE REFER TO THE TRACE REPORT
      GENERATED AFTER PLACE-and-ROUTE.

Clock Information:
------------------
-----------------------------------+------------------------+-------+
Clock Signal                       | Clock buffer(FF name)  | Load  |
-----------------------------------+------------------------+-------+
CLK                                | BUFGP                  | 49    |
-----------------------------------+------------------------+-------+

Asynchronous Control Signals Information:
----------------------------------------
No asynchronous control signals found in this design

Timing Summary:
---------------
Speed Grade: -3

   Minimum period: 2.111ns (Maximum Frequency: 473.709MHz)
   Minimum input arrival time before clock: 0.799ns
   Maximum output required time after clock: 0.640ns
   Maximum combinational path delay: No path found

Timing Details:
---------------
All values displayed in nanoseconds (ns)

=========================================================================
Timing constraint: Default period analysis for Clock 'CLK'
  Clock period: 2.111ns (frequency: 473.709MHz)
  Total number of paths / destination ports: 669 / 73
-------------------------------------------------------------------------
Delay:               2.111ns (Levels of Logic = 3)
  Source:            counter_5 (FF)
  Destination:       counter_8 (FF)
  Source Clock:      CLK rising
  Destination Clock: CLK rising

  Data Path: counter_5 to counter_8
                                Gate     Net
    Cell:in->out      fanout   Delay   Delay  Logical Name (Net Name)
    ----------------------------------------  ------------
     FDC:C->Q              3   0.361   0.693  counter_5 (counter_5)
     LUT5:I0->O            1   0.097   0.295  GND_6_o_counter[26]_equal_3_o<26>_SW0 (N01)
     LUT6:I5->O           19   0.097   0.463  GND_6_o_counter[26]_equal_3_o<26> (GND_6_o_counter[26]_equal_3_o)
     LUT2:I0->O            1   0.097   0.000  Mcount_counter_eqn_81 (Mcount_counter_eqn_8)
     FDC:D                     0.008          counter_8
    ----------------------------------------
    Total                      2.111ns (0.660ns logic, 1.451ns route)
                                       (31.3% logic, 68.7% route)

=========================================================================
Timing constraint: Default OFFSET IN BEFORE for Clock 'CLK'
  Total number of paths / destination ports: 43 / 43
-------------------------------------------------------------------------
Offset:              0.799ns (Levels of Logic = 2)
  Source:            right_button (PAD)
  Destination:       point_lose_right_1 (FF)
  Destination Clock: CLK rising

  Data Path: right_button to point_lose_right_1
                                Gate     Net
    Cell:in->out      fanout   Delay   Delay  Logical Name (Net Name)
    ----------------------------------------  ------------
     IBUF:I->O             1   0.001   0.693  right_button_IBUF (right_button_IBUF)
     LUT6:I0->O            1   0.097   0.000  point_lose_right_1_rstpot (point_lose_right_1_rstpot)
     FDC:D                     0.008          point_lose_right_1
    ----------------------------------------
    Total                      0.799ns (0.106ns logic, 0.693ns route)
                                       (13.3% logic, 86.7% route)

=========================================================================
Timing constraint: Default OFFSET OUT AFTER for Clock 'CLK'
  Total number of paths / destination ports: 8 / 8
-------------------------------------------------------------------------
Offset:              0.640ns (Levels of Logic = 1)
  Source:            led_1 (FF)
  Destination:       led_1 (PAD)
  Source Clock:      CLK rising

  Data Path: led_1 to led_1
                                Gate     Net
    Cell:in->out      fanout   Delay   Delay  Logical Name (Net Name)
    ----------------------------------------  ------------
     FDS:C->Q              1   0.361   0.279  led_1 (led_1_OBUF)
     OBUF:I->O                 0.000          led_1_OBUF (led_1)
    ----------------------------------------
    Total                      0.640ns (0.361ns logic, 0.279ns route)
                                       (56.4% logic, 43.6% route)

=========================================================================

Cross Clock Domains Report:
--------------------------

Clock to Setup on destination clock CLK
---------------+---------+---------+---------+---------+
               | Src:Rise| Src:Fall| Src:Rise| Src:Fall|
Source Clock   |Dest:Rise|Dest:Rise|Dest:Fall|Dest:Fall|
---------------+---------+---------+---------+---------+
CLK            |    2.111|         |         |         |
---------------+---------+---------+---------+---------+

=========================================================================


Total REAL time to Xst completion: 12.00 secs
Total CPU time to Xst completion: 12.02 secs
 
--> 

Total memory usage is 4617728 kilobytes

Number of errors   :    0 (   0 filtered)
Number of warnings :   19 (   0 filtered)
Number of infos    :    0 (   0 filtered)

