--------------------------------------------------------------------------------
Release 14.7 Trace  (nt64)
Copyright (c) 1995-2013 Xilinx, Inc.  All rights reserved.

C:\Xilinx\14.7\ISE_DS\ISE\bin\nt64\unwrapped\trce.exe -intstyle ise -v 3 -s 3
-n 3 -fastpaths -xml ppl.twx ppl.ncd -o ppl.twr ppl.pcf

Design file:              ppl.ncd
Physical constraint file: ppl.pcf
Device,package,speed:     xc7a100t,csg324,C,-3 (PRODUCTION 1.10 2013-10-13)
Report level:             verbose report

Environment Variable      Effect 
--------------------      ------ 
NONE                      No environment variables were set
--------------------------------------------------------------------------------

INFO:Timing:2698 - No timing constraints found, doing default enumeration.
INFO:Timing:3412 - To improve timing, see the Timing Closure User Guide (UG612).
INFO:Timing:2752 - To get complete path coverage, use the unconstrained paths 
   option. All paths that are not constrained will be reported in the 
   unconstrained paths section(s) of the report.
INFO:Timing:3339 - The clock-to-out numbers in this timing report are based on 
   a 50 Ohm transmission line loading model.  For the details of this model, 
   and for more information on accounting for different loading conditions, 
   please see the device datasheet.



Data Sheet report:
-----------------
All values displayed in nanoseconds (ns)

Setup/Hold to clock CLK
------------+------------+------------+------------+------------+------------------+--------+
            |Max Setup to|  Process   |Max Hold to |  Process   |                  | Clock  |
Source      | clk (edge) |   Corner   | clk (edge) |   Corner   |Internal Clock(s) | Phase  |
------------+------------+------------+------------+------------+------------------+--------+
left_button |    0.235(R)|      FAST  |    1.436(R)|      SLOW  |CLK_BUFGP         |   0.000|
right_button|    0.104(R)|      FAST  |    1.626(R)|      SLOW  |CLK_BUFGP         |   0.000|
rst         |    0.781(R)|      FAST  |    1.376(R)|      SLOW  |CLK_BUFGP         |   0.000|
------------+------------+------------+------------+------------+------------------+--------+

Clock CLK to Pad
------------+-----------------+------------+-----------------+------------+------------------+--------+
            |Max (slowest) clk|  Process   |Min (fastest) clk|  Process   |                  | Clock  |
Destination |  (edge) to PAD  |   Corner   |  (edge) to PAD  |   Corner   |Internal Clock(s) | Phase  |
------------+-----------------+------------+-----------------+------------+------------------+--------+
led_1       |         8.104(R)|      SLOW  |         3.473(R)|      FAST  |CLK_BUFGP         |   0.000|
led_2       |         8.148(R)|      SLOW  |         3.480(R)|      FAST  |CLK_BUFGP         |   0.000|
led_3       |         8.292(R)|      SLOW  |         3.567(R)|      FAST  |CLK_BUFGP         |   0.000|
led_4       |         8.197(R)|      SLOW  |         3.522(R)|      FAST  |CLK_BUFGP         |   0.000|
led_5       |         8.242(R)|      SLOW  |         3.565(R)|      FAST  |CLK_BUFGP         |   0.000|
led_6       |         8.172(R)|      SLOW  |         3.518(R)|      FAST  |CLK_BUFGP         |   0.000|
led_7       |         8.404(R)|      SLOW  |         3.627(R)|      FAST  |CLK_BUFGP         |   0.000|
led_8       |         8.538(R)|      SLOW  |         3.708(R)|      FAST  |CLK_BUFGP         |   0.000|
------------+-----------------+------------+-----------------+------------+------------------+--------+

Clock to Setup on destination clock CLK
---------------+---------+---------+---------+---------+
               | Src:Rise| Src:Fall| Src:Rise| Src:Fall|
Source Clock   |Dest:Rise|Dest:Rise|Dest:Fall|Dest:Fall|
---------------+---------+---------+---------+---------+
CLK            |    2.118|         |         |         |
---------------+---------+---------+---------+---------+


Analysis completed Thu Nov 03 16:11:21 2022 
--------------------------------------------------------------------------------

Trace Settings:
-------------------------
Trace Settings 

Peak Memory Usage: 5003 MB



